<?xml version="1.0" encoding="UTF-8"?>
<testsuite xmlns:xsi="http://www.w3.org/2001/XMLSchema-instance" xsi:noNamespaceSchemaLocation="https://maven.apache.org/surefire/maven-surefire-plugin/xsd/surefire-test-report.xsd" name="TestSuite" time="34.341" tests="3" errors="0" skipped="1" failures="2">
  <properties>
    <property name="sun.desktop" value="windows"/>
    <property name="awt.toolkit" value="sun.awt.windows.WToolkit"/>
    <property name="file.encoding.pkg" value="sun.io"/>
    <property name="java.specification.version" value="1.8"/>
    <property name="sun.cpu.isalist" value="amd64"/>
    <property name="sun.jnu.encoding" value="GBK"/>
    <property name="java.class.path" value="D:\autoApp\target\test-classes;D:\autoApp\target\classes;D:\apache-maven-3.6.3\repo\io\appium\java-client\7.0.0\java-client-7.0.0.jar;D:\apache-maven-3.6.3\repo\org\seleniumhq\selenium\selenium-java\3.141.59\selenium-java-3.141.59.jar;D:\apache-maven-3.6.3\repo\org\seleniumhq\selenium\selenium-chrome-driver\3.141.59\selenium-chrome-driver-3.141.59.jar;D:\apache-maven-3.6.3\repo\org\seleniumhq\selenium\selenium-edge-driver\3.141.59\selenium-edge-driver-3.141.59.jar;D:\apache-maven-3.6.3\repo\org\seleniumhq\selenium\selenium-firefox-driver\3.141.59\selenium-firefox-driver-3.141.59.jar;D:\apache-maven-3.6.3\repo\org\seleniumhq\selenium\selenium-ie-driver\3.141.59\selenium-ie-driver-3.141.59.jar;D:\apache-maven-3.6.3\repo\org\seleniumhq\selenium\selenium-opera-driver\3.141.59\selenium-opera-driver-3.141.59.jar;D:\apache-maven-3.6.3\repo\org\seleniumhq\selenium\selenium-remote-driver\3.141.59\selenium-remote-driver-3.141.59.jar;D:\apache-maven-3.6.3\repo\org\seleniumhq\selenium\selenium-safari-driver\3.141.59\selenium-safari-driver-3.141.59.jar;D:\apache-maven-3.6.3\repo\net\bytebuddy\byte-buddy\1.8.15\byte-buddy-1.8.15.jar;D:\apache-maven-3.6.3\repo\org\apache\commons\commons-exec\1.3\commons-exec-1.3.jar;D:\apache-maven-3.6.3\repo\com\google\guava\guava\25.0-jre\guava-25.0-jre.jar;D:\apache-maven-3.6.3\repo\com\google\code\findbugs\jsr305\1.3.9\jsr305-1.3.9.jar;D:\apache-maven-3.6.3\repo\org\checkerframework\checker-compat-qual\2.0.0\checker-compat-qual-2.0.0.jar;D:\apache-maven-3.6.3\repo\com\google\errorprone\error_prone_annotations\2.1.3\error_prone_annotations-2.1.3.jar;D:\apache-maven-3.6.3\repo\com\google\j2objc\j2objc-annotations\1.1\j2objc-annotations-1.1.jar;D:\apache-maven-3.6.3\repo\org\codehaus\mojo\animal-sniffer-annotations\1.14\animal-sniffer-annotations-1.14.jar;D:\apache-maven-3.6.3\repo\com\squareup\okhttp3\okhttp\3.11.0\okhttp-3.11.0.jar;D:\apache-maven-3.6.3\repo\com\squareup\okio\okio\1.14.0\okio-1.14.0.jar;D:\apache-maven-3.6.3\repo\org\seleniumhq\selenium\selenium-support\3.141.59\selenium-support-3.141.59.jar;D:\apache-maven-3.6.3\repo\org\seleniumhq\selenium\selenium-api\3.141.59\selenium-api-3.141.59.jar;D:\apache-maven-3.6.3\repo\com\google\code\gson\gson\2.8.5\gson-2.8.5.jar;D:\apache-maven-3.6.3\repo\org\apache\httpcomponents\httpclient\4.5.6\httpclient-4.5.6.jar;D:\apache-maven-3.6.3\repo\org\apache\httpcomponents\httpcore\4.4.10\httpcore-4.4.10.jar;D:\apache-maven-3.6.3\repo\commons-logging\commons-logging\1.2\commons-logging-1.2.jar;D:\apache-maven-3.6.3\repo\commons-codec\commons-codec\1.10\commons-codec-1.10.jar;D:\apache-maven-3.6.3\repo\cglib\cglib\3.2.8\cglib-3.2.8.jar;D:\apache-maven-3.6.3\repo\org\ow2\asm\asm\6.2.1\asm-6.2.1.jar;D:\apache-maven-3.6.3\repo\org\apache\ant\ant\1.10.3\ant-1.10.3.jar;D:\apache-maven-3.6.3\repo\org\apache\ant\ant-launcher\1.10.3\ant-launcher-1.10.3.jar;D:\apache-maven-3.6.3\repo\commons-validator\commons-validator\1.6\commons-validator-1.6.jar;D:\apache-maven-3.6.3\repo\commons-beanutils\commons-beanutils\1.9.2\commons-beanutils-1.9.2.jar;D:\apache-maven-3.6.3\repo\commons-digester\commons-digester\1.8.1\commons-digester-1.8.1.jar;D:\apache-maven-3.6.3\repo\commons-collections\commons-collections\3.2.2\commons-collections-3.2.2.jar;D:\apache-maven-3.6.3\repo\org\apache\commons\commons-lang3\3.8\commons-lang3-3.8.jar;D:\apache-maven-3.6.3\repo\commons-io\commons-io\2.6\commons-io-2.6.jar;D:\apache-maven-3.6.3\repo\org\springframework\spring-context\5.1.0.RELEASE\spring-context-5.1.0.RELEASE.jar;D:\apache-maven-3.6.3\repo\org\springframework\spring-aop\5.1.0.RELEASE\spring-aop-5.1.0.RELEASE.jar;D:\apache-maven-3.6.3\repo\org\springframework\spring-beans\5.1.0.RELEASE\spring-beans-5.1.0.RELEASE.jar;D:\apache-maven-3.6.3\repo\org\springframework\spring-core\5.1.0.RELEASE\spring-core-5.1.0.RELEASE.jar;D:\apache-maven-3.6.3\repo\org\springframework\spring-jcl\5.1.0.RELEASE\spring-jcl-5.1.0.RELEASE.jar;D:\apache-maven-3.6.3\repo\org\springframework\spring-expression\5.1.0.RELEASE\spring-expression-5.1.0.RELEASE.jar;D:\apache-maven-3.6.3\repo\org\aspectj\aspectjweaver\1.9.1\aspectjweaver-1.9.1.jar;D:\apache-maven-3.6.3\repo\org\slf4j\slf4j-api\1.7.25\slf4j-api-1.7.25.jar;D:\apache-maven-3.6.3\repo\org\testng\testng\7.0.0\testng-7.0.0.jar;D:\apache-maven-3.6.3\repo\com\beust\jcommander\1.72\jcommander-1.72.jar;D:\apache-maven-3.6.3\repo\log4j\log4j\1.2.17\log4j-1.2.17.jar;D:\apache-maven-3.6.3\repo\io\qameta\allure\allure-testng\2.12.1\allure-testng-2.12.1.jar;D:\apache-maven-3.6.3\repo\io\qameta\allure\allure-java-commons\2.12.1\allure-java-commons-2.12.1.jar;D:\apache-maven-3.6.3\repo\io\qameta\allure\allure-model\2.12.1\allure-model-2.12.1.jar;D:\apache-maven-3.6.3\repo\com\fasterxml\jackson\core\jackson-databind\2.9.8\jackson-databind-2.9.8.jar;D:\apache-maven-3.6.3\repo\com\fasterxml\jackson\core\jackson-annotations\2.9.0\jackson-annotations-2.9.0.jar;D:\apache-maven-3.6.3\repo\com\fasterxml\jackson\core\jackson-core\2.9.8\jackson-core-2.9.8.jar;D:\apache-maven-3.6.3\repo\org\apache\tika\tika-core\1.20\tika-core-1.20.jar;D:\apache-maven-3.6.3\repo\org\jooq\joor-java-8\0.9.10\joor-java-8-0.9.10.jar;"/>
    <property name="java.vm.vendor" value="Oracle Corporation"/>
    <property name="sun.arch.data.model" value="64"/>
    <property name="user.variant" value=""/>
    <property name="java.vendor.url" value="http://java.oracle.com/"/>
    <property name="user.timezone" value="Asia/Shanghai"/>
    <property name="java.vm.specification.version" value="1.8"/>
    <property name="os.name" value="Windows 10"/>
    <property name="user.country" value="CN"/>
    <property name="sun.java.launcher" value="SUN_STANDARD"/>
    <property name="sun.boot.library.path" value="C:\Program Files\Java\jdk1.8.0_161\jre\bin"/>
    <property name="sun.java.command" value="C:\Users\54540\AppData\Local\Temp\surefire1554556469294969470\surefirebooter5162535027459032452.jar C:\Users\54540\AppData\Local\Temp\surefire1554556469294969470 2021-06-02T14-57-21_852-jvmRun1 surefire1763447426010086551tmp surefire_07987921319433085763tmp"/>
    <property name="surefire.test.class.path" value="D:\autoApp\target\test-classes;D:\autoApp\target\classes;D:\apache-maven-3.6.3\repo\io\appium\java-client\7.0.0\java-client-7.0.0.jar;D:\apache-maven-3.6.3\repo\org\seleniumhq\selenium\selenium-java\3.141.59\selenium-java-3.141.59.jar;D:\apache-maven-3.6.3\repo\org\seleniumhq\selenium\selenium-chrome-driver\3.141.59\selenium-chrome-driver-3.141.59.jar;D:\apache-maven-3.6.3\repo\org\seleniumhq\selenium\selenium-edge-driver\3.141.59\selenium-edge-driver-3.141.59.jar;D:\apache-maven-3.6.3\repo\org\seleniumhq\selenium\selenium-firefox-driver\3.141.59\selenium-firefox-driver-3.141.59.jar;D:\apache-maven-3.6.3\repo\org\seleniumhq\selenium\selenium-ie-driver\3.141.59\selenium-ie-driver-3.141.59.jar;D:\apache-maven-3.6.3\repo\org\seleniumhq\selenium\selenium-opera-driver\3.141.59\selenium-opera-driver-3.141.59.jar;D:\apache-maven-3.6.3\repo\org\seleniumhq\selenium\selenium-remote-driver\3.141.59\selenium-remote-driver-3.141.59.jar;D:\apache-maven-3.6.3\repo\org\seleniumhq\selenium\selenium-safari-driver\3.141.59\selenium-safari-driver-3.141.59.jar;D:\apache-maven-3.6.3\repo\net\bytebuddy\byte-buddy\1.8.15\byte-buddy-1.8.15.jar;D:\apache-maven-3.6.3\repo\org\apache\commons\commons-exec\1.3\commons-exec-1.3.jar;D:\apache-maven-3.6.3\repo\com\google\guava\guava\25.0-jre\guava-25.0-jre.jar;D:\apache-maven-3.6.3\repo\com\google\code\findbugs\jsr305\1.3.9\jsr305-1.3.9.jar;D:\apache-maven-3.6.3\repo\org\checkerframework\checker-compat-qual\2.0.0\checker-compat-qual-2.0.0.jar;D:\apache-maven-3.6.3\repo\com\google\errorprone\error_prone_annotations\2.1.3\error_prone_annotations-2.1.3.jar;D:\apache-maven-3.6.3\repo\com\google\j2objc\j2objc-annotations\1.1\j2objc-annotations-1.1.jar;D:\apache-maven-3.6.3\repo\org\codehaus\mojo\animal-sniffer-annotations\1.14\animal-sniffer-annotations-1.14.jar;D:\apache-maven-3.6.3\repo\com\squareup\okhttp3\okhttp\3.11.0\okhttp-3.11.0.jar;D:\apache-maven-3.6.3\repo\com\squareup\okio\okio\1.14.0\okio-1.14.0.jar;D:\apache-maven-3.6.3\repo\org\seleniumhq\selenium\selenium-support\3.141.59\selenium-support-3.141.59.jar;D:\apache-maven-3.6.3\repo\org\seleniumhq\selenium\selenium-api\3.141.59\selenium-api-3.141.59.jar;D:\apache-maven-3.6.3\repo\com\google\code\gson\gson\2.8.5\gson-2.8.5.jar;D:\apache-maven-3.6.3\repo\org\apache\httpcomponents\httpclient\4.5.6\httpclient-4.5.6.jar;D:\apache-maven-3.6.3\repo\org\apache\httpcomponents\httpcore\4.4.10\httpcore-4.4.10.jar;D:\apache-maven-3.6.3\repo\commons-logging\commons-logging\1.2\commons-logging-1.2.jar;D:\apache-maven-3.6.3\repo\commons-codec\commons-codec\1.10\commons-codec-1.10.jar;D:\apache-maven-3.6.3\repo\cglib\cglib\3.2.8\cglib-3.2.8.jar;D:\apache-maven-3.6.3\repo\org\ow2\asm\asm\6.2.1\asm-6.2.1.jar;D:\apache-maven-3.6.3\repo\org\apache\ant\ant\1.10.3\ant-1.10.3.jar;D:\apache-maven-3.6.3\repo\org\apache\ant\ant-launcher\1.10.3\ant-launcher-1.10.3.jar;D:\apache-maven-3.6.3\repo\commons-validator\commons-validator\1.6\commons-validator-1.6.jar;D:\apache-maven-3.6.3\repo\commons-beanutils\commons-beanutils\1.9.2\commons-beanutils-1.9.2.jar;D:\apache-maven-3.6.3\repo\commons-digester\commons-digester\1.8.1\commons-digester-1.8.1.jar;D:\apache-maven-3.6.3\repo\commons-collections\commons-collections\3.2.2\commons-collections-3.2.2.jar;D:\apache-maven-3.6.3\repo\org\apache\commons\commons-lang3\3.8\commons-lang3-3.8.jar;D:\apache-maven-3.6.3\repo\commons-io\commons-io\2.6\commons-io-2.6.jar;D:\apache-maven-3.6.3\repo\org\springframework\spring-context\5.1.0.RELEASE\spring-context-5.1.0.RELEASE.jar;D:\apache-maven-3.6.3\repo\org\springframework\spring-aop\5.1.0.RELEASE\spring-aop-5.1.0.RELEASE.jar;D:\apache-maven-3.6.3\repo\org\springframework\spring-beans\5.1.0.RELEASE\spring-beans-5.1.0.RELEASE.jar;D:\apache-maven-3.6.3\repo\org\springframework\spring-core\5.1.0.RELEASE\spring-core-5.1.0.RELEASE.jar;D:\apache-maven-3.6.3\repo\org\springframework\spring-jcl\5.1.0.RELEASE\spring-jcl-5.1.0.RELEASE.jar;D:\apache-maven-3.6.3\repo\org\springframework\spring-expression\5.1.0.RELEASE\spring-expression-5.1.0.RELEASE.jar;D:\apache-maven-3.6.3\repo\org\aspectj\aspectjweaver\1.9.1\aspectjweaver-1.9.1.jar;D:\apache-maven-3.6.3\repo\org\slf4j\slf4j-api\1.7.25\slf4j-api-1.7.25.jar;D:\apache-maven-3.6.3\repo\org\testng\testng\7.0.0\testng-7.0.0.jar;D:\apache-maven-3.6.3\repo\com\beust\jcommander\1.72\jcommander-1.72.jar;D:\apache-maven-3.6.3\repo\log4j\log4j\1.2.17\log4j-1.2.17.jar;D:\apache-maven-3.6.3\repo\io\qameta\allure\allure-testng\2.12.1\allure-testng-2.12.1.jar;D:\apache-maven-3.6.3\repo\io\qameta\allure\allure-java-commons\2.12.1\allure-java-commons-2.12.1.jar;D:\apache-maven-3.6.3\repo\io\qameta\allure\allure-model\2.12.1\allure-model-2.12.1.jar;D:\apache-maven-3.6.3\repo\com\fasterxml\jackson\core\jackson-databind\2.9.8\jackson-databind-2.9.8.jar;D:\apache-maven-3.6.3\repo\com\fasterxml\jackson\core\jackson-annotations\2.9.0\jackson-annotations-2.9.0.jar;D:\apache-maven-3.6.3\repo\com\fasterxml\jackson\core\jackson-core\2.9.8\jackson-core-2.9.8.jar;D:\apache-maven-3.6.3\repo\org\apache\tika\tika-core\1.20\tika-core-1.20.jar;D:\apache-maven-3.6.3\repo\org\jooq\joor-java-8\0.9.10\joor-java-8-0.9.10.jar;"/>
    <property name="sun.cpu.endian" value="little"/>
    <property name="allure.results.directory" value="D:\autoApp\target/allure-results"/>
    <property name="user.home" value="C:\Users\54540"/>
    <property name="user.language" value="zh"/>
    <property name="java.specification.vendor" value="Oracle Corporation"/>
    <property name="java.home" value="C:\Program Files\Java\jdk1.8.0_161\jre"/>
    <property name="basedir" value="D:\autoApp"/>
    <property name="file.separator" value="\"/>
    <property name="line.separator" value="&#10;"/>
    <property name="java.vm.specification.vendor" value="Oracle Corporation"/>
    <property name="java.specification.name" value="Java Platform API Specification"/>
    <property name="java.awt.graphicsenv" value="sun.awt.Win32GraphicsEnvironment"/>
    <property name="surefire.real.class.path" value="C:\Users\54540\AppData\Local\Temp\surefire1554556469294969470\surefirebooter5162535027459032452.jar;D:\apache-maven-3.6.3\repo/org/aspectj/aspectjweaver/1.8.10/aspectjweaver-1.8.10.jar"/>
    <property name="sun.boot.class.path" value="C:\Program Files\Java\jdk1.8.0_161\jre\lib\resources.jar;C:\Program Files\Java\jdk1.8.0_161\jre\lib\rt.jar;C:\Program Files\Java\jdk1.8.0_161\jre\lib\sunrsasign.jar;C:\Program Files\Java\jdk1.8.0_161\jre\lib\jsse.jar;C:\Program Files\Java\jdk1.8.0_161\jre\lib\jce.jar;C:\Program Files\Java\jdk1.8.0_161\jre\lib\charsets.jar;C:\Program Files\Java\jdk1.8.0_161\jre\lib\jfr.jar;C:\Program Files\Java\jdk1.8.0_161\jre\classes"/>
    <property name="user.script" value=""/>
    <property name="sun.management.compiler" value="HotSpot 64-Bit Tiered Compilers"/>
    <property name="java.runtime.version" value="1.8.0_161-b12"/>
    <property name="user.name" value="54540"/>
    <property name="path.separator" value=";"/>
    <property name="os.version" value="10.0"/>
    <property name="java.endorsed.dirs" value="C:\Program Files\Java\jdk1.8.0_161\jre\lib\endorsed"/>
    <property name="java.runtime.name" value="Java(TM) SE Runtime Environment"/>
    <property name="file.encoding" value="UTF-8"/>
    <property name="java.vm.name" value="Java HotSpot(TM) 64-Bit Server VM"/>
    <property name="localRepository" value="D:\apache-maven-3.6.3\repo"/>
    <property name="java.vendor.url.bug" value="http://bugreport.sun.com/bugreport/"/>
    <property name="java.io.tmpdir" value="C:\Users\54540\AppData\Local\Temp\"/>
    <property name="java.version" value="1.8.0_161"/>
    <property name="user.dir" value="D:\autoApp"/>
    <property name="os.arch" value="amd64"/>
    <property name="java.vm.specification.name" value="Java Virtual Machine Specification"/>
    <property name="java.awt.printerjob" value="sun.awt.windows.WPrinterJob"/>
    <property name="sun.os.patch.level" value=""/>
    <property name="java.library.path" value="C:\Program Files\Java\jdk1.8.0_161\jre\bin;C:\Windows\Sun\Java\bin;C:\Windows\system32;C:\Windows;C:\Program Files (x86)\Common Files\NetSarang;C:\Program Files\Java\jdk1.8.0_161\bin;C:\ProgramData\Oracle\Java\javapath;C:\Windows\system32;C:\Windows;C:\Windows\System32\Wbem;C:\Windows\System32\WindowsPowerShell\v1.0\;C:\Windows\System32\OpenSSH\;D:\apache-jmeter-5.4.1\bin;D:\Xftp\;D:\Android-sdk\platform-tools;D:\Android-sdk\tools;D:\Android-sdk\build-tools\30.0.3;D:\Xshell\;D:\apache-maven-3.6.3\bin;D:\Python39\Scripts\;D:\Python39\;C:\Users\54540\AppData\Local\Microsoft\WindowsApps;;D:\Fiddler;."/>
    <property name="java.vm.info" value="mixed mode"/>
    <property name="java.vendor" value="Oracle Corporation"/>
    <property name="java.vm.version" value="25.161-b12"/>
    <property name="java.ext.dirs" value="C:\Program Files\Java\jdk1.8.0_161\jre\lib\ext;C:\Windows\Sun\Java\lib\ext"/>
    <property name="sun.io.unicode.encoding" value="UnicodeLittle"/>
    <property name="java.class.version" value="52.0"/>
  </properties>
  <testcase name="testLogin" classname="com.lemon.testcase.TestLogin" time="14.043">
    <failure message="Expected condition failed: waiting for visibility of element located by By.id: com.lemon.lemonban:id/fragment_my_lemon_avatar_title (tried for 5 second(s) with 500 milliseconds interval)" type="org.openqa.selenium.TimeoutException">org.openqa.selenium.TimeoutException: Expected condition failed: waiting for visibility of element located by By.id: com.lemon.lemonban:id/fragment_my_lemon_avatar_title (tried for 5 second(s) with 500 milliseconds interval)
	at com.lemon.testcase.TestLogin.testLogin(TestLogin.java:39)
Caused by: org.openqa.selenium.NoSuchElementException: 
An element could not be located on the page using the given search parameters.
For documentation on this error, please visit: https://www.seleniumhq.org/exceptions/no_such_element.html
Build info: version: '3.141.59', revision: 'e82be7d358', time: '2018-11-14T08:17:03'
System info: host: 'LAPTOP-7UDD78N3', ip: '192.168.102.76', os.name: 'Windows 10', os.arch: 'amd64', os.version: '10.0', java.version: '1.8.0_161'
Driver info: io.appium.java_client.android.AndroidDriver
Capabilities {appActivity: com.lemon.lemonban.activity..., appPackage: com.lemon.lemonban, databaseEnabled: false, desired: {appActivity: com.lemon.lemonban.activity..., appPackage: com.lemon.lemonban, deviceName: 127.0.0.1:62001, platformName: android}, deviceApiLevel: 25, deviceManufacturer: samsung, deviceModel: SM-G973N, deviceName: 127.0.0.1:62001, deviceScreenDensity: 320, deviceScreenSize: 1080x1920, deviceUDID: 127.0.0.1:62001, javascriptEnabled: true, locationContextEnabled: false, networkConnectionEnabled: true, pixelRatio: 2, platform: LINUX, platformName: Android, platformVersion: 7.1.2, statBarHeight: 48, takesScreenshot: true, viewportRect: {height: 1872, left: 0, top: 48, width: 1080}, warnings: {}, webStorageEnabled: false}
Session ID: 36c15a14-6884-45a1-aae5-eede0d46d164
*** Element info: {Using=id, value=com.lemon.lemonban:id/fragment_my_lemon_avatar_title}
	at com.lemon.testcase.TestLogin.testLogin(TestLogin.java:39)
</failure>
    <system-out><![CDATA[2021-06-02 14:57:34 INFO  BaseTest:75 - 隐式等待【8】秒
当前是IHookable接口的run方法执行
2021-06-02 14:57:36 INFO  BasePage:30 - 点击了元素【首页_我的柠檬】
2021-06-02 14:57:37 INFO  BasePage:30 - 点击了元素【首页_头像】
2021-06-02 14:57:38 INFO  BasePage:50 - 往元素【登录页面_手机号码】输入了【13989830373】
2021-06-02 14:57:38 INFO  BasePage:50 - 往元素【登录页面_密码】输入了【830373】
2021-06-02 14:57:38 INFO  BasePage:30 - 点击了元素【登录页面_登录按钮】
2021-06-02 14:57:48 ERROR BasePage:67 - 获取文本值【登录页面_登录头像】失败
2021-06-02 14:57:48 ERROR BasePage:68 - org.openqa.selenium.TimeoutException: Expected condition failed: waiting for visibility of element located by By.id: com.lemon.lemonban:id/fragment_my_lemon_avatar_title (tried for 5 second(s) with 500 milliseconds interval)
]]></system-out>
    <system-err><![CDATA[SLF4J: Failed to load class "org.slf4j.impl.StaticLoggerBinder".
SLF4J: Defaulting to no-operation (NOP) logger implementation
SLF4J: See http://www.slf4j.org/codes.html#StaticLoggerBinder for further details.
六月 02, 2021 2:57:34 下午 io.appium.java_client.remote.AppiumCommandExecutor$1 lambda$0
信息: Detected dialect: W3C
]]></system-err>
  </testcase>
  <testcase name="tearDown" classname="com.lemon.testcase.TestLogin" time="22.278">
    <failure message="An element could not be located on the page using the given search parameters.&#10;For documentation on this error, please visit: https://www.seleniumhq.org/exceptions/no_such_element.html&#10;Build info: version: &apos;3.141.59&apos;, revision: &apos;e82be7d358&apos;, time: &apos;2018-11-14T08:17:03&apos;&#10;System info: host: &apos;LAPTOP-7UDD78N3&apos;, ip: &apos;192.168.102.76&apos;, os.name: &apos;Windows 10&apos;, os.arch: &apos;amd64&apos;, os.version: &apos;10.0&apos;, java.version: &apos;1.8.0_161&apos;&#10;Driver info: io.appium.java_client.android.AndroidDriver&#10;Capabilities {appActivity: com.lemon.lemonban.activity..., appPackage: com.lemon.lemonban, databaseEnabled: false, desired: {appActivity: com.lemon.lemonban.activity..., appPackage: com.lemon.lemonban, deviceName: 127.0.0.1:62001, platformName: android}, deviceApiLevel: 25, deviceManufacturer: samsung, deviceModel: SM-G973N, deviceName: 127.0.0.1:62001, deviceScreenDensity: 320, deviceScreenSize: 1080x1920, deviceUDID: 127.0.0.1:62001, javascriptEnabled: true, locationContextEnabled: false, networkConnectionEnabled: true, pixelRatio: 2, platform: LINUX, platformName: Android, platformVersion: 7.1.2, statBarHeight: 48, takesScreenshot: true, viewportRect: {height: 1872, left: 0, top: 48, width: 1080}, warnings: {}, webStorageEnabled: false}&#10;Session ID: 36c15a14-6884-45a1-aae5-eede0d46d164&#10;*** Element info: {Using=accessibility id, value=我的柠檬}" type="org.openqa.selenium.NoSuchElementException">org.openqa.selenium.NoSuchElementException: 
An element could not be located on the page using the given search parameters.
For documentation on this error, please visit: https://www.seleniumhq.org/exceptions/no_such_element.html
Build info: version: '3.141.59', revision: 'e82be7d358', time: '2018-11-14T08:17:03'
System info: host: 'LAPTOP-7UDD78N3', ip: '192.168.102.76', os.name: 'Windows 10', os.arch: 'amd64', os.version: '10.0', java.version: '1.8.0_161'
Driver info: io.appium.java_client.android.AndroidDriver
Capabilities {appActivity: com.lemon.lemonban.activity..., appPackage: com.lemon.lemonban, databaseEnabled: false, desired: {appActivity: com.lemon.lemonban.activity..., appPackage: com.lemon.lemonban, deviceName: 127.0.0.1:62001, platformName: android}, deviceApiLevel: 25, deviceManufacturer: samsung, deviceModel: SM-G973N, deviceName: 127.0.0.1:62001, deviceScreenDensity: 320, deviceScreenSize: 1080x1920, deviceUDID: 127.0.0.1:62001, javascriptEnabled: true, locationContextEnabled: false, networkConnectionEnabled: true, pixelRatio: 2, platform: LINUX, platformName: Android, platformVersion: 7.1.2, statBarHeight: 48, takesScreenshot: true, viewportRect: {height: 1872, left: 0, top: 48, width: 1080}, warnings: {}, webStorageEnabled: false}
Session ID: 36c15a14-6884-45a1-aae5-eede0d46d164
*** Element info: {Using=accessibility id, value=我的柠檬}
	at com.lemon.testcase.TestLogin.tearDown(TestLogin.java:46)
</failure>
    <system-out><![CDATA[2021-06-02 14:57:57 ERROR BasePage:32 - 定位元素失败【首页_我的柠檬】
2021-06-02 14:57:57 ERROR BasePage:33 - org.openqa.selenium.NoSuchElementException: An element could not be located on the page using the given search parameters.
For documentation on this error, please visit: https://www.seleniumhq.org/exceptions/no_such_element.html
Build info: version: '3.141.59', revision: 'e82be7d358', time: '2018-11-14T08:17:03'
System info: host: 'LAPTOP-7UDD78N3', ip: '192.168.102.76', os.name: 'Windows 10', os.arch: 'amd64', os.version: '10.0', java.version: '1.8.0_161'
Driver info: io.appium.java_client.android.AndroidDriver
Capabilities {appActivity: com.lemon.lemonban.activity..., appPackage: com.lemon.lemonban, databaseEnabled: false, desired: {appActivity: com.lemon.lemonban.activity..., appPackage: com.lemon.lemonban, deviceName: 127.0.0.1:62001, platformName: android}, deviceApiLevel: 25, deviceManufacturer: samsung, deviceModel: SM-G973N, deviceName: 127.0.0.1:62001, deviceScreenDensity: 320, deviceScreenSize: 1080x1920, deviceUDID: 127.0.0.1:62001, javascriptEnabled: true, locationContextEnabled: false, networkConnectionEnabled: true, pixelRatio: 2, platform: LINUX, platformName: Android, platformVersion: 7.1.2, statBarHeight: 48, takesScreenshot: true, viewportRect: {height: 1872, left: 0, top: 48, width: 1080}, warnings: {}, webStorageEnabled: false}
Session ID: 36c15a14-6884-45a1-aae5-eede0d46d164
*** Element info: {Using=accessibility id, value=我的柠檬}
]]></system-out>
  </testcase>
  <testcase name="globalTearDown" classname="com.lemon.testcase.TestLogin" time="0">
    <skipped/>
  </testcase>
</testsuite>